<?xml version="1.0" encoding="UTF-8"?>
<testsuite name="com.atm.toonchat.TestControllerTest" tests="1" skipped="0" failures="0" errors="0" timestamp="2023-07-17T12:02:20" hostname="Jaewonui-MacBookAir.local" time="0.496">
  <properties/>
  <testcase name="getAllMembers: 아티클 조회에 성공한다." classname="com.atm.toonchat.TestControllerTest" time="0.496"/>
  <system-out><![CDATA[21:02:18.024 [Test worker] INFO org.springframework.test.context.support.AnnotationConfigContextLoaderUtils -- Could not detect default configuration classes for test class [com.atm.toonchat.TestControllerTest]: TestControllerTest does not declare any static, non-private, non-final, nested classes annotated with @Configuration.
21:02:18.103 [Test worker] INFO org.springframework.boot.test.context.SpringBootTestContextBootstrapper -- Found @SpringBootConfiguration com.atm.toonchat.ToonChatApplication for test class com.atm.toonchat.TestControllerTest

  .   ____          _            __ _ _
 /\\ / ___'_ __ _ _(_)_ __  __ _ \ \ \ \
( ( )\___ | '_ | '_| | '_ \/ _` | \ \ \ \
 \\/  ___)| |_)| | | | | || (_| |  ) ) ) )
  '  |____| .__|_| |_|_| |_\__, | / / / /
 =========|_|==============|___/=/_/_/_/
 :: Spring Boot ::                (v3.1.1)

2023-07-17T21:02:18.393+09:00  INFO 30282 --- [    Test worker] com.atm.toonchat.TestControllerTest      : Starting TestControllerTest using Java 17.0.7 with PID 30282 (started by jaewonkim in /Users/jaewonkim/Soma/atm/Jaewon)
2023-07-17T21:02:18.394+09:00  INFO 30282 --- [    Test worker] com.atm.toonchat.TestControllerTest      : No active profile set, falling back to 1 default profile: "default"
2023-07-17T21:02:18.749+09:00  INFO 30282 --- [    Test worker] .s.d.r.c.RepositoryConfigurationDelegate : Bootstrapping Spring Data JPA repositories in DEFAULT mode.
2023-07-17T21:02:18.786+09:00  INFO 30282 --- [    Test worker] .s.d.r.c.RepositoryConfigurationDelegate : Finished Spring Data repository scanning in 28 ms. Found 1 JPA repository interfaces.
2023-07-17T21:02:19.038+09:00  INFO 30282 --- [    Test worker] com.zaxxer.hikari.HikariDataSource       : HikariPool-1 - Starting...
2023-07-17T21:02:19.136+09:00  INFO 30282 --- [    Test worker] com.zaxxer.hikari.pool.HikariPool        : HikariPool-1 - Added connection conn0: url=jdbc:h2:mem:c5112022-02ef-4def-90d2-cd6717782106 user=SA
2023-07-17T21:02:19.137+09:00  INFO 30282 --- [    Test worker] com.zaxxer.hikari.HikariDataSource       : HikariPool-1 - Start completed.
2023-07-17T21:02:19.161+09:00  INFO 30282 --- [    Test worker] o.hibernate.jpa.internal.util.LogHelper  : HHH000204: Processing PersistenceUnitInfo [name: default]
2023-07-17T21:02:19.196+09:00  INFO 30282 --- [    Test worker] org.hibernate.Version                    : HHH000412: Hibernate ORM core version 6.2.5.Final
2023-07-17T21:02:19.197+09:00  INFO 30282 --- [    Test worker] org.hibernate.cfg.Environment            : HHH000406: Using bytecode reflection optimizer
2023-07-17T21:02:19.282+09:00  INFO 30282 --- [    Test worker] o.h.b.i.BytecodeProviderInitiator        : HHH000021: Bytecode provider name : bytebuddy
2023-07-17T21:02:19.347+09:00  INFO 30282 --- [    Test worker] o.s.o.j.p.SpringPersistenceUnitInfo      : No LoadTimeWeaver setup: ignoring JPA class transformer
2023-07-17T21:02:19.456+09:00  INFO 30282 --- [    Test worker] o.h.b.i.BytecodeProviderInitiator        : HHH000021: Bytecode provider name : bytebuddy
2023-07-17T21:02:19.736+09:00  INFO 30282 --- [    Test worker] o.h.e.t.j.p.i.JtaPlatformInitiator       : HHH000490: Using JtaPlatform implementation: [org.hibernate.engine.transaction.jta.platform.internal.NoJtaPlatform]
Hibernate: 
    drop table if exists member cascade 
Hibernate: 
    create table member (
        id bigint generated by default as identity,
        name varchar(255) not null,
        primary key (id)
    )
2023-07-17T21:02:19.756+09:00  INFO 30282 --- [    Test worker] j.LocalContainerEntityManagerFactoryBean : Initialized JPA EntityManagerFactory for persistence unit 'default'
2023-07-17T21:02:19.940+09:00  WARN 30282 --- [    Test worker] JpaBaseConfiguration$JpaWebConfiguration : spring.jpa.open-in-view is enabled by default. Therefore, database queries may be performed during view rendering. Explicitly configure spring.jpa.open-in-view to disable this warning
2023-07-17T21:02:20.103+09:00  INFO 30282 --- [    Test worker] o.s.b.t.m.w.SpringBootMockServletContext : Initializing Spring TestDispatcherServlet ''
2023-07-17T21:02:20.103+09:00  INFO 30282 --- [    Test worker] o.s.t.web.servlet.TestDispatcherServlet  : Initializing Servlet ''
2023-07-17T21:02:20.105+09:00  INFO 30282 --- [    Test worker] o.s.t.web.servlet.TestDispatcherServlet  : Completed initialization in 1 ms
2023-07-17T21:02:20.121+09:00  INFO 30282 --- [    Test worker] com.atm.toonchat.TestControllerTest      : Started TestControllerTest in 1.924 seconds (process running for 2.558)
2023-07-17T21:02:20.434+09:00  INFO 30282 --- [    Test worker] o.s.b.t.m.w.SpringBootMockServletContext : Initializing Spring TestDispatcherServlet ''
2023-07-17T21:02:20.434+09:00  INFO 30282 --- [    Test worker] o.s.t.web.servlet.TestDispatcherServlet  : Initializing Servlet ''
2023-07-17T21:02:20.435+09:00  INFO 30282 --- [    Test worker] o.s.t.web.servlet.TestDispatcherServlet  : Completed initialization in 1 ms
Hibernate: 
    select
        m1_0.id,
        m1_0.name 
    from
        member m1_0 
    where
        m1_0.id=?
Hibernate: 
    update
        member 
    set
        name=? 
    where
        id=?
Hibernate: 
    select
        m1_0.id,
        m1_0.name 
    from
        member m1_0
Hibernate: 
    select
        m1_0.id,
        m1_0.name 
    from
        member m1_0
Hibernate: 
    delete 
    from
        member 
    where
        id=?
Hibernate: 
    delete 
    from
        member 
    where
        id=?
Hibernate: 
    delete 
    from
        member 
    where
        id=?
]]></system-out>
  <system-err><![CDATA[]]></system-err>
</testsuite>
