<?xml version="1.0" encoding="UTF-8"?>
<testsuite name="com.atm.toonchat.controller.BlogApiControllerTest" tests="1" skipped="0" failures="0" errors="0" timestamp="2023-07-17T16:32:50" hostname="Jaewonui-MacBookAir.local" time="0.447">
  <properties/>
  <testcase name="addArticle: 블로그 글 추가에 성공한다." classname="com.atm.toonchat.controller.BlogApiControllerTest" time="0.447"/>
  <system-out><![CDATA[01:32:49.071 [Test worker] INFO org.springframework.test.context.support.AnnotationConfigContextLoaderUtils -- Could not detect default configuration classes for test class [com.atm.toonchat.controller.BlogApiControllerTest]: BlogApiControllerTest does not declare any static, non-private, non-final, nested classes annotated with @Configuration.
01:32:49.121 [Test worker] INFO org.springframework.boot.test.context.SpringBootTestContextBootstrapper -- Found @SpringBootConfiguration com.atm.toonchat.ToonChatApplication for test class com.atm.toonchat.controller.BlogApiControllerTest

  .   ____          _            __ _ _
 /\\ / ___'_ __ _ _(_)_ __  __ _ \ \ \ \
( ( )\___ | '_ | '_| | '_ \/ _` | \ \ \ \
 \\/  ___)| |_)| | | | | || (_| |  ) ) ) )
  '  |____| .__|_| |_|_| |_\__, | / / / /
 =========|_|==============|___/=/_/_/_/
 :: Spring Boot ::                (v3.1.1)

2023-07-18T01:32:49.292+09:00  INFO 42035 --- [    Test worker] c.a.t.controller.BlogApiControllerTest   : Starting BlogApiControllerTest using Java 17.0.7 with PID 42035 (started by jaewonkim in /Users/jaewonkim/Soma/atm/Jaewon)
2023-07-18T01:32:49.292+09:00  INFO 42035 --- [    Test worker] c.a.t.controller.BlogApiControllerTest   : No active profile set, falling back to 1 default profile: "default"
2023-07-18T01:32:49.539+09:00  INFO 42035 --- [    Test worker] .s.d.r.c.RepositoryConfigurationDelegate : Bootstrapping Spring Data JPA repositories in DEFAULT mode.
2023-07-18T01:32:49.562+09:00  INFO 42035 --- [    Test worker] .s.d.r.c.RepositoryConfigurationDelegate : Finished Spring Data repository scanning in 19 ms. Found 2 JPA repository interfaces.
2023-07-18T01:32:49.721+09:00  INFO 42035 --- [    Test worker] com.zaxxer.hikari.HikariDataSource       : HikariPool-1 - Starting...
2023-07-18T01:32:49.804+09:00  INFO 42035 --- [    Test worker] com.zaxxer.hikari.pool.HikariPool        : HikariPool-1 - Added connection conn0: url=jdbc:h2:mem:testdb user=SA
2023-07-18T01:32:49.805+09:00  INFO 42035 --- [    Test worker] com.zaxxer.hikari.HikariDataSource       : HikariPool-1 - Start completed.
2023-07-18T01:32:49.825+09:00  INFO 42035 --- [    Test worker] o.hibernate.jpa.internal.util.LogHelper  : HHH000204: Processing PersistenceUnitInfo [name: default]
2023-07-18T01:32:49.846+09:00  INFO 42035 --- [    Test worker] org.hibernate.Version                    : HHH000412: Hibernate ORM core version 6.2.5.Final
2023-07-18T01:32:49.847+09:00  INFO 42035 --- [    Test worker] org.hibernate.cfg.Environment            : HHH000406: Using bytecode reflection optimizer
2023-07-18T01:32:49.903+09:00  INFO 42035 --- [    Test worker] o.h.b.i.BytecodeProviderInitiator        : HHH000021: Bytecode provider name : bytebuddy
2023-07-18T01:32:49.952+09:00  INFO 42035 --- [    Test worker] o.s.o.j.p.SpringPersistenceUnitInfo      : No LoadTimeWeaver setup: ignoring JPA class transformer
2023-07-18T01:32:50.047+09:00  INFO 42035 --- [    Test worker] o.h.b.i.BytecodeProviderInitiator        : HHH000021: Bytecode provider name : bytebuddy
2023-07-18T01:32:50.295+09:00  INFO 42035 --- [    Test worker] o.h.e.t.j.p.i.JtaPlatformInitiator       : HHH000490: Using JtaPlatform implementation: [org.hibernate.engine.transaction.jta.platform.internal.NoJtaPlatform]
Hibernate: 
    drop table if exists article cascade 
Hibernate: 
    drop table if exists member cascade 
Hibernate: 
    create table article (
        id bigint generated by default as identity,
        content varchar(255) not null,
        title varchar(255) not null,
        primary key (id)
    )
Hibernate: 
    create table member (
        id bigint generated by default as identity,
        name varchar(255) not null,
        primary key (id)
    )
2023-07-18T01:32:50.312+09:00  INFO 42035 --- [    Test worker] j.LocalContainerEntityManagerFactoryBean : Initialized JPA EntityManagerFactory for persistence unit 'default'
2023-07-18T01:32:50.488+09:00  WARN 42035 --- [    Test worker] JpaBaseConfiguration$JpaWebConfiguration : spring.jpa.open-in-view is enabled by default. Therefore, database queries may be performed during view rendering. Explicitly configure spring.jpa.open-in-view to disable this warning
2023-07-18T01:32:50.612+09:00  INFO 42035 --- [    Test worker] o.s.b.a.h2.H2ConsoleAutoConfiguration    : H2 console available at '/h2-console'. Database available at 'jdbc:h2:mem:testdb'
2023-07-18T01:32:50.640+09:00  INFO 42035 --- [    Test worker] o.s.b.t.m.w.SpringBootMockServletContext : Initializing Spring TestDispatcherServlet ''
2023-07-18T01:32:50.640+09:00  INFO 42035 --- [    Test worker] o.s.t.web.servlet.TestDispatcherServlet  : Initializing Servlet ''
2023-07-18T01:32:50.641+09:00  INFO 42035 --- [    Test worker] o.s.t.web.servlet.TestDispatcherServlet  : Completed initialization in 0 ms
2023-07-18T01:32:50.657+09:00  INFO 42035 --- [    Test worker] c.a.t.controller.BlogApiControllerTest   : Started BlogApiControllerTest in 1.481 seconds (process running for 1.947)
2023-07-18T01:32:50.934+09:00  INFO 42035 --- [    Test worker] o.s.b.t.m.w.SpringBootMockServletContext : Initializing Spring TestDispatcherServlet ''
2023-07-18T01:32:50.934+09:00  INFO 42035 --- [    Test worker] o.s.t.web.servlet.TestDispatcherServlet  : Initializing Servlet ''
2023-07-18T01:32:50.934+09:00  INFO 42035 --- [    Test worker] o.s.t.web.servlet.TestDispatcherServlet  : Completed initialization in 0 ms
Hibernate: 
    select
        a1_0.id,
        a1_0.content,
        a1_0.title 
    from
        article a1_0
Hibernate: 
    delete 
    from
        article 
    where
        id=?
Hibernate: 
    delete 
    from
        article 
    where
        id=?
Hibernate: 
    delete 
    from
        article 
    where
        id=?
Hibernate: 
    insert 
    into
        article
        (content,title,id) 
    values
        (?,?,default)
Hibernate: 
    select
        a1_0.id,
        a1_0.content,
        a1_0.title 
    from
        article a1_0
]]></system-out>
  <system-err><![CDATA[]]></system-err>
</testsuite>
