<?xml version="1.0" encoding="UTF-8"?>
<testsuite name="com.atm.toonchat.TestControllerTest" tests="1" skipped="0" failures="0" errors="0" timestamp="2023-07-16T17:29:59" hostname="Jaewonui-MacBookAir.local" time="0.433">
  <properties/>
  <testcase name="getAllMembers: 아티클 조회에 성공한다." classname="com.atm.toonchat.TestControllerTest" time="0.433"/>
  <system-out><![CDATA[02:29:57.984 [Test worker] INFO org.springframework.test.context.support.AnnotationConfigContextLoaderUtils -- Could not detect default configuration classes for test class [com.atm.toonchat.TestControllerTest]: TestControllerTest does not declare any static, non-private, non-final, nested classes annotated with @Configuration.
02:29:58.033 [Test worker] INFO org.springframework.boot.test.context.SpringBootTestContextBootstrapper -- Found @SpringBootConfiguration com.atm.toonchat.ToonChatApplication for test class com.atm.toonchat.TestControllerTest

  .   ____          _            __ _ _
 /\\ / ___'_ __ _ _(_)_ __  __ _ \ \ \ \
( ( )\___ | '_ | '_| | '_ \/ _` | \ \ \ \
 \\/  ___)| |_)| | | | | || (_| |  ) ) ) )
  '  |____| .__|_| |_|_| |_\__, | / / / /
 =========|_|==============|___/=/_/_/_/
 :: Spring Boot ::                (v3.1.1)

2023-07-17T02:29:58.211+09:00  INFO 50535 --- [    Test worker] com.atm.toonchat.TestControllerTest      : Starting TestControllerTest using Java 17.0.7 with PID 50535 (started by jaewonkim in /Users/jaewonkim/Soma/atm/Jaewon)
2023-07-17T02:29:58.212+09:00  INFO 50535 --- [    Test worker] com.atm.toonchat.TestControllerTest      : No active profile set, falling back to 1 default profile: "default"
2023-07-17T02:29:58.451+09:00  INFO 50535 --- [    Test worker] .s.d.r.c.RepositoryConfigurationDelegate : Bootstrapping Spring Data JPA repositories in DEFAULT mode.
2023-07-17T02:29:58.472+09:00  INFO 50535 --- [    Test worker] .s.d.r.c.RepositoryConfigurationDelegate : Finished Spring Data repository scanning in 18 ms. Found 1 JPA repository interfaces.
2023-07-17T02:29:58.627+09:00  INFO 50535 --- [    Test worker] com.zaxxer.hikari.HikariDataSource       : HikariPool-1 - Starting...
2023-07-17T02:29:58.708+09:00  INFO 50535 --- [    Test worker] com.zaxxer.hikari.pool.HikariPool        : HikariPool-1 - Added connection conn0: url=jdbc:h2:mem:417bcb7e-7056-4ccb-9c05-0c80780af470 user=SA
2023-07-17T02:29:58.709+09:00  INFO 50535 --- [    Test worker] com.zaxxer.hikari.HikariDataSource       : HikariPool-1 - Start completed.
2023-07-17T02:29:58.728+09:00  INFO 50535 --- [    Test worker] o.hibernate.jpa.internal.util.LogHelper  : HHH000204: Processing PersistenceUnitInfo [name: default]
2023-07-17T02:29:58.748+09:00  INFO 50535 --- [    Test worker] org.hibernate.Version                    : HHH000412: Hibernate ORM core version 6.2.5.Final
2023-07-17T02:29:58.749+09:00  INFO 50535 --- [    Test worker] org.hibernate.cfg.Environment            : HHH000406: Using bytecode reflection optimizer
2023-07-17T02:29:58.806+09:00  INFO 50535 --- [    Test worker] o.h.b.i.BytecodeProviderInitiator        : HHH000021: Bytecode provider name : bytebuddy
2023-07-17T02:29:58.869+09:00  INFO 50535 --- [    Test worker] o.s.o.j.p.SpringPersistenceUnitInfo      : No LoadTimeWeaver setup: ignoring JPA class transformer
2023-07-17T02:29:58.961+09:00  INFO 50535 --- [    Test worker] o.h.b.i.BytecodeProviderInitiator        : HHH000021: Bytecode provider name : bytebuddy
2023-07-17T02:29:59.210+09:00  INFO 50535 --- [    Test worker] o.h.e.t.j.p.i.JtaPlatformInitiator       : HHH000490: Using JtaPlatform implementation: [org.hibernate.engine.transaction.jta.platform.internal.NoJtaPlatform]
Hibernate: 
    drop table if exists member cascade 
Hibernate: 
    create table member (
        id bigint generated by default as identity,
        name varchar(255) not null,
        primary key (id)
    )
2023-07-17T02:29:59.226+09:00  INFO 50535 --- [    Test worker] j.LocalContainerEntityManagerFactoryBean : Initialized JPA EntityManagerFactory for persistence unit 'default'
2023-07-17T02:29:59.386+09:00  WARN 50535 --- [    Test worker] JpaBaseConfiguration$JpaWebConfiguration : spring.jpa.open-in-view is enabled by default. Therefore, database queries may be performed during view rendering. Explicitly configure spring.jpa.open-in-view to disable this warning
2023-07-17T02:29:59.539+09:00  INFO 50535 --- [    Test worker] o.s.b.t.m.w.SpringBootMockServletContext : Initializing Spring TestDispatcherServlet ''
2023-07-17T02:29:59.539+09:00  INFO 50535 --- [    Test worker] o.s.t.web.servlet.TestDispatcherServlet  : Initializing Servlet ''
2023-07-17T02:29:59.541+09:00  INFO 50535 --- [    Test worker] o.s.t.web.servlet.TestDispatcherServlet  : Completed initialization in 1 ms
2023-07-17T02:29:59.554+09:00  INFO 50535 --- [    Test worker] com.atm.toonchat.TestControllerTest      : Started TestControllerTest in 1.462 seconds (process running for 1.936)
2023-07-17T02:29:59.848+09:00  INFO 50535 --- [    Test worker] o.s.b.t.m.w.SpringBootMockServletContext : Initializing Spring TestDispatcherServlet ''
2023-07-17T02:29:59.849+09:00  INFO 50535 --- [    Test worker] o.s.t.web.servlet.TestDispatcherServlet  : Initializing Servlet ''
2023-07-17T02:29:59.849+09:00  INFO 50535 --- [    Test worker] o.s.t.web.servlet.TestDispatcherServlet  : Completed initialization in 0 ms
Hibernate: 
    select
        m1_0.id,
        m1_0.name 
    from
        member m1_0 
    where
        m1_0.id=?
Hibernate: 
    update
        member 
    set
        name=? 
    where
        id=?
Hibernate: 
    select
        m1_0.id,
        m1_0.name 
    from
        member m1_0
Hibernate: 
    select
        m1_0.id,
        m1_0.name 
    from
        member m1_0
Hibernate: 
    delete 
    from
        member 
    where
        id=?
Hibernate: 
    delete 
    from
        member 
    where
        id=?
Hibernate: 
    delete 
    from
        member 
    where
        id=?
]]></system-out>
  <system-err><![CDATA[]]></system-err>
</testsuite>
